@storybook/cli v7.0.6

info => Cleaning outputDir: C:\Users\YAKARE~1\AppData\Local\Temp\chromatic--7380-vhUotY0e0grT
info => Loading presets
info => Building manager..
info => Manager built (660 ms)
info => Copying static files: C:\Users\Ya Kareem\Desktop\foothill-training\stroyBook\taskbox\node_modules\@storybook\manager\static at C:\Users\YAKARE~1\AppData\Local\Temp\chromatic--7380-vhUotY0e0grT\sb-common-assets
[36mvite v4.2.2 [32mbuilding for production...[36m[39m
info => Copying static files: C:\Users\Ya Kareem\Desktop\foothill-training\stroyBook\taskbox\public at C:\Users\YAKARE~1\AppData\Local\Temp\chromatic--7380-vhUotY0e0grT\

./sb-common-assets/fonts.css doesn't exist at build time, it will remain unchanged to be resolved at runtime
transforming...
Use of eval in "node_modules/telejson/dist/index.mjs" is strongly discouraged as it poses security risks and may cause issues with minification.
Use of eval in "node_modules/telejson/dist/index.mjs" is strongly discouraged as it poses security risks and may cause issues with minification.
[32m✓[39m 1646 modules transformed.
rendering chunks...
[33mwarnings when minifying css:
▲ [WARNING] CSS nesting syntax is not supported in the configured target environment ("chrome87", "edge88", "es2020", "firefox78", "safari14") [unsupported-css-nesting]

    <stdin>:36:2:
      36 │   *vertical-align: middle;
         ╵   ^


▲ [WARNING] Expected identifier but found whitespace [css-syntax-error]

    <stdin>:36:18:
      36 │   *vertical-align: middle;
         ╵                   ^


▲ [WARNING] Unexpected ";" [css-syntax-error]

    <stdin>:36:25:
      36 │   *vertical-align: middle;
         ╵                          ^

[39m
computing gzip size...
[2m../../../../../YAKARE~1/AppData/Local/Temp/chromatic--7380-vhUotY0e0grT/[22m[32miframe.html                                         [39m[1m[2m 12.60 kB[22m[1m[22m
[2m../../../../../YAKARE~1/AppData/Local/Temp/chromatic--7380-vhUotY0e0grT/[22m[32massets/percolate-dac75269.ttf                       [39m[1m[2m 34.04 kB[22m[1m[22m
[2m../../../../../YAKARE~1/AppData/Local/Temp/chromatic--7380-vhUotY0e0grT/[22m[32massets/percolate-ec979d96.woff                      [39m[1m[2m 34.11 kB[22m[1m[22m
[2m../../../../../YAKARE~1/AppData/Local/Temp/chromatic--7380-vhUotY0e0grT/[22m[32massets/percolate-5ed633c2.eot                       [39m[1m[2m 34.21 kB[22m[1m[22m
[2m../../../../../YAKARE~1/AppData/Local/Temp/chromatic--7380-vhUotY0e0grT/[22m[32massets/percolate-d13fa91b.svg                       [39m[1m[2m140.51 kB[22m[1m[22m
[2m../../../../../YAKARE~1/AppData/Local/Temp/chromatic--7380-vhUotY0e0grT/[22m[35massets/Input.stories-94a5eaed.css                   [39m[1m[2m  0.17 kB[22m[1m[22m[2m │ gzip:   0.15 kB[22m
[2m../../../../../YAKARE~1/AppData/Local/Temp/chromatic--7380-vhUotY0e0grT/[22m[35massets/ButtonNew.stories-18e4d7e9.css               [39m[1m[2m  0.24 kB[22m[1m[22m[2m │ gzip:   0.15 kB[22m
[2m../../../../../YAKARE~1/AppData/Local/Temp/chromatic--7380-vhUotY0e0grT/[22m[35massets/preview-7623e708.css                         [39m[1m[2m  6.91 kB[22m[1m[22m[2m │ gzip:   2.07 kB[22m
[2m../../../../../YAKARE~1/AppData/Local/Temp/chromatic--7380-vhUotY0e0grT/[22m[36massets/index-d475d2ea.js                            [39m[1m[2m  0.21 kB[22m[1m[22m[2m │ gzip:   0.17 kB[22m[2m │ map:     0.84 kB[22m
[2m../../../../../YAKARE~1/AppData/Local/Temp/chromatic--7380-vhUotY0e0grT/[22m[36massets/_commonjs-dynamic-modules-302442b1.js        [39m[1m[2m  0.30 kB[22m[1m[22m[2m │ gzip:   0.24 kB[22m[2m │ map:     0.12 kB[22m
[2m../../../../../YAKARE~1/AppData/Local/Temp/chromatic--7380-vhUotY0e0grT/[22m[36massets/WithTooltip-FBT32F6Q-83674106.js             [39m[1m[2m  0.55 kB[22m[1m[22m[2m │ gzip:   0.32 kB[22m[2m │ map:     0.11 kB[22m
[2m../../../../../YAKARE~1/AppData/Local/Temp/chromatic--7380-vhUotY0e0grT/[22m[36massets/syntaxhighlighter-QTQ2UBB4-2ed88f07.js       [39m[1m[2m  0.57 kB[22m[1m[22m[2m │ gzip:   0.35 kB[22m[2m │ map:     0.12 kB[22m
[2m../../../../../YAKARE~1/AppData/Local/Temp/chromatic--7380-vhUotY0e0grT/[22m[36massets/index-6d7aa4ee.js                            [39m[1m[2m  0.62 kB[22m[1m[22m[2m │ gzip:   0.38 kB[22m[2m │ map:     4.29 kB[22m
[2m../../../../../YAKARE~1/AppData/Local/Temp/chromatic--7380-vhUotY0e0grT/[22m[36massets/preview-0435c720.js                          [39m[1m[2m  0.69 kB[22m[1m[22m[2m │ gzip:   0.49 kB[22m[2m │ map:     3.85 kB[22m
[2m../../../../../YAKARE~1/AppData/Local/Temp/chromatic--7380-vhUotY0e0grT/[22m[36massets/_commonjsHelpers-042e6b4d.js                 [39m[1m[2m  0.78 kB[22m[1m[22m[2m │ gzip:   0.44 kB[22m[2m │ map:     0.11 kB[22m
[2m../../../../../YAKARE~1/AppData/Local/Temp/chromatic--7380-vhUotY0e0grT/[22m[36massets/index-4d501b15.js                            [39m[1m[2m  0.80 kB[22m[1m[22m[2m │ gzip:   0.52 kB[22m[2m │ map:     4.14 kB[22m
[2m../../../../../YAKARE~1/AppData/Local/Temp/chromatic--7380-vhUotY0e0grT/[22m[36massets/index-356e4a49.js                            [39m[1m[2m  0.81 kB[22m[1m[22m[2m │ gzip:   0.51 kB[22m[2m │ map:     3.27 kB[22m
[2m../../../../../YAKARE~1/AppData/Local/Temp/chromatic--7380-vhUotY0e0grT/[22m[36massets/preview-0a52c95e.js                          [39m[1m[2m  0.83 kB[22m[1m[22m[2m │ gzip:   0.49 kB[22m[2m │ map:     1.28 kB[22m
[2m../../../../../YAKARE~1/AppData/Local/Temp/chromatic--7380-vhUotY0e0grT/[22m[36massets/preview-b1164a2e.js                          [39m[1m[2m  0.88 kB[22m[1m[22m[2m │ gzip:   0.58 kB[22m[2m │ map:     2.84 kB[22m
[2m../../../../../YAKARE~1/AppData/Local/Temp/chromatic--7380-vhUotY0e0grT/[22m[36massets/jsx-runtime-9a6f6fa0.js                      [39m[1m[2m  1.04 kB[22m[1m[22m[2m │ gzip:   0.65 kB[22m[2m │ map:     2.32 kB[22m
[2m../../../../../YAKARE~1/AppData/Local/Temp/chromatic--7380-vhUotY0e0grT/[22m[36massets/ButtonNew.stories-409bac63.js                [39m[1m[2m  2.02 kB[22m[1m[22m[2m │ gzip:   0.76 kB[22m[2m │ map:     1.11 kB[22m
[2m../../../../../YAKARE~1/AppData/Local/Temp/chromatic--7380-vhUotY0e0grT/[22m[36massets/preview-bb5acd95.js                          [39m[1m[2m  2.38 kB[22m[1m[22m[2m │ gzip:   1.26 kB[22m[2m │ map:    10.38 kB[22m
[2m../../../../../YAKARE~1/AppData/Local/Temp/chromatic--7380-vhUotY0e0grT/[22m[36massets/Input.stories-9da1b45d.js                    [39m[1m[2m  2.39 kB[22m[1m[22m[2m │ gzip:   0.82 kB[22m[2m │ map:     0.80 kB[22m
[2m../../../../../YAKARE~1/AppData/Local/Temp/chromatic--7380-vhUotY0e0grT/[22m[36massets/index-d37d4223.js                            [39m[1m[2m  2.63 kB[22m[1m[22m[2m │ gzip:   1.30 kB[22m[2m │ map:     7.48 kB[22m
[2m../../../../../YAKARE~1/AppData/Local/Temp/chromatic--7380-vhUotY0e0grT/[22m[36massets/Task.stories-3fbafd70.js                     [39m[1m[2m  2.85 kB[22m[1m[22m[2m │ gzip:   1.12 kB[22m[2m │ map:     3.39 kB[22m
[2m../../../../../YAKARE~1/AppData/Local/Temp/chromatic--7380-vhUotY0e0grT/[22m[36massets/preview-f96f0111.js                          [39m[1m[2m  3.29 kB[22m[1m[22m[2m │ gzip:   1.41 kB[22m[2m │ map:    10.12 kB[22m
[2m../../../../../YAKARE~1/AppData/Local/Temp/chromatic--7380-vhUotY0e0grT/[22m[36massets/preview-6bad9d43.js                          [39m[1m[2m  3.78 kB[22m[1m[22m[2m │ gzip:   1.79 kB[22m[2m │ map:    14.58 kB[22m
[2m../../../../../YAKARE~1/AppData/Local/Temp/chromatic--7380-vhUotY0e0grT/[22m[36massets/iframe-dbfcc0f2.js                           [39m[1m[2m  5.46 kB[22m[1m[22m[2m │ gzip:   1.80 kB[22m[2m │ map:     5.87 kB[22m
[2m../../../../../YAKARE~1/AppData/Local/Temp/chromatic--7380-vhUotY0e0grT/[22m[36massets/index-f1f749bf.js                            [39m[1m[2m  7.25 kB[22m[1m[22m[2m │ gzip:   2.96 kB[22m[2m │ map:    15.72 kB[22m
[2m../../../../../YAKARE~1/AppData/Local/Temp/chromatic--7380-vhUotY0e0grT/[22m[36massets/preview-62235626.js                          [39m[1m[2m  7.69 kB[22m[1m[22m[2m │ gzip:   1.60 kB[22m[2m │ map:    13.73 kB[22m
[2m../../../../../YAKARE~1/AppData/Local/Temp/chromatic--7380-vhUotY0e0grT/[22m[36massets/preview-e6f1f377.js                          [39m[1m[2m  7.97 kB[22m[1m[22m[2m │ gzip:   3.03 kB[22m[2m │ map:    28.21 kB[22m
[2m../../../../../YAKARE~1/AppData/Local/Temp/chromatic--7380-vhUotY0e0grT/[22m[36massets/index-078d3f98.js                            [39m[1m[2m 10.06 kB[22m[1m[22m[2m │ gzip:   3.66 kB[22m[2m │ map:    26.49 kB[22m
[2m../../../../../YAKARE~1/AppData/Local/Temp/chromatic--7380-vhUotY0e0grT/[22m[36massets/GlobalScrollAreaStyles-XIHNDKUY-0477f12a.js  [39m[1m[2m 10.53 kB[22m[1m[22m[2m │ gzip:   2.40 kB[22m[2m │ map:    15.72 kB[22m
[2m../../../../../YAKARE~1/AppData/Local/Temp/chromatic--7380-vhUotY0e0grT/[22m[36massets/preview-8e084d2f.js                          [39m[1m[2m 11.13 kB[22m[1m[22m[2m │ gzip:   3.76 kB[22m[2m │ map:    41.79 kB[22m
[2m../../../../../YAKARE~1/AppData/Local/Temp/chromatic--7380-vhUotY0e0grT/[22m[36massets/Color-3YIJY6X7-18232f1c.js                   [39m[1m[2m 31.11 kB[22m[1m[22m[2m │ gzip:  11.69 kB[22m[2m │ map:   112.63 kB[22m
[2m../../../../../YAKARE~1/AppData/Local/Temp/chromatic--7380-vhUotY0e0grT/[22m[36massets/TaskList.stories-a0f1a9ed.js                 [39m[1m[2m 39.81 kB[22m[1m[22m[2m │ gzip:  13.72 kB[22m[2m │ map:   231.69 kB[22m
[2m../../../../../YAKARE~1/AppData/Local/Temp/chromatic--7380-vhUotY0e0grT/[22m[36massets/OverlayScrollbars-VAV6LJAB-5288064b.js       [39m[1m[2m 59.11 kB[22m[1m[22m[2m │ gzip:  25.35 kB[22m[2m │ map:   277.22 kB[22m
[2m../../../../../YAKARE~1/AppData/Local/Temp/chromatic--7380-vhUotY0e0grT/[22m[36massets/_getPrototype-ad889add.js                    [39m[1m[2m 78.82 kB[22m[1m[22m[2m │ gzip:  23.65 kB[22m[2m │ map:   327.58 kB[22m
[2m../../../../../YAKARE~1/AppData/Local/Temp/chromatic--7380-vhUotY0e0grT/[22m[36massets/index-96c5f47c.js                            [39m[1m[2m134.19 kB[22m[1m[22m[2m │ gzip:  43.27 kB[22m[2m │ map:   326.76 kB[22m
[2m../../../../../YAKARE~1/AppData/Local/Temp/chromatic--7380-vhUotY0e0grT/[22m[36massets/config-c5897f1e.js                           [39m[1m[2m213.66 kB[22m[1m[22m[2m │ gzip:  66.39 kB[22m[2m │ map:   803.15 kB[22m
[2m../../../../../YAKARE~1/AppData/Local/Temp/chromatic--7380-vhUotY0e0grT/[22m[36massets/InboxScreen.stories-76b0d1f0.js              [39m[1m[2m258.28 kB[22m[1m[22m[2m │ gzip:  60.71 kB[22m[2m │ map:   926.02 kB[22m
[2m../../../../../YAKARE~1/AppData/Local/Temp/chromatic--7380-vhUotY0e0grT/[22m[36massets/index-326f8cb1.js                            [39m[1m[2m338.89 kB[22m[1m[22m[2m │ gzip: 100.58 kB[22m[2m │ map: 1,434.86 kB[22m
[2m../../../../../YAKARE~1/AppData/Local/Temp/chromatic--7380-vhUotY0e0grT/[22m[36massets/DocsRenderer-7FRJXR4N-aa6d8cfe.js            [39m[1m[33m504.82 kB[39m[22m[2m │ gzip: 166.16 kB[22m[2m │ map: 1,437.01 kB[22m
[2m../../../../../YAKARE~1/AppData/Local/Temp/chromatic--7380-vhUotY0e0grT/[22m[36massets/formatter-S4K5WUZV-5bfb058c.js               [39m[1m[33m601.76 kB[39m[22m[2m │ gzip: 185.09 kB[22m[2m │ map: 1,315.98 kB[22m
[33m
(!) Some chunks are larger than 500 kBs after minification. Consider:
- Using dynamic import() to code-split the application
- Use build.rollupOptions.output.manualChunks to improve chunking: https://rollupjs.org/configuration-options/#output-manualchunks
- Adjust chunk size limit for this warning via build.chunkSizeWarningLimit.[39m
[32m✓[39m built in 36.06s
info => Output directory: C:\Users\YAKARE~1\AppData\Local\Temp\chromatic--7380-vhUotY0e0grT
